<?xml version="1.0" encoding="UTF-8"?>
<testng-results ignored="0" total="1" passed="1" failed="0" skipped="0">
  <reporter-output>
  </reporter-output>
  <suite started-at="2022-05-18T00:58:09 IST" name="Default suite" finished-at="2022-05-18T00:59:06 IST" duration-ms="56942">
    <groups>
    </groups>
    <test started-at="2022-05-18T00:58:09 IST" name="Default test" finished-at="2022-05-18T00:59:06 IST" duration-ms="56942">
      <class name="abc">
        <test-method is-config="true" signature="beforeTest()[pri:0, instance:abc@43dac38f]" started-at="2022-05-18T00:58:09 IST" name="beforeTest" finished-at="2022-05-18T00:58:40 IST" duration-ms="31454" status="PASS">
          <reporter-output>
          </reporter-output>
        </test-method> <!-- beforeTest -->
        <test-method signature="module4()[pri:5, instance:abc@43dac38f]" started-at="2022-05-18T00:58:40 IST" name="module4" finished-at="2022-05-18T00:59:06 IST" duration-ms="25442" status="PASS">
          <reporter-output>
          </reporter-output>
        </test-method> <!-- module4 -->
        <test-method is-config="true" signature="afterTest()[pri:0, instance:abc@43dac38f]" started-at="2022-05-18T00:59:06 IST" name="afterTest" finished-at="2022-05-18T00:59:06 IST" duration-ms="0" status="PASS">
          <reporter-output>
          </reporter-output>
        </test-method> <!-- afterTest -->
      </class> <!-- abc -->
    </test> <!-- Default test -->
  </suite> <!-- Default suite -->
</testng-results>
